Reading netlist file: "C:\Users\Yan\Documents\GitHub\ProjetoEmbarcados\ProjetoLogicaReconfiguravel\pwm\pwm\impl\gwsynthesis\pwm.vg"
Parsing netlist file "C:\Users\Yan\Documents\GitHub\ProjetoEmbarcados\ProjetoLogicaReconfiguravel\pwm\pwm\impl\gwsynthesis\pwm.vg" completed
Processing netlist completed
Reading constraint file: "C:\Users\Yan\Documents\GitHub\ProjetoEmbarcados\ProjetoLogicaReconfiguravel\pwm\pwm\src\pwm.cst"
Physical Constraint parsed completed
Running placement......
[10%] Placement Phase 0 completed
[20%] Placement Phase 1 completed
[30%] Placement Phase 2 completed
WARN  (TA1132) :  'clk' was determined to be a clock but was not created.
[50%] Placement Phase 3 completed
Running routing......
[60%] Routing Phase 0 completed
[70%] Routing Phase 1 completed
[80%] Routing Phase 2 completed
[90%] Routing Phase 3 completed
Running timing analysis......
[95%] Timing analysis completed
Placement and routing completed
Bitstream generation in progress......
Bitstream generation completed
Running power analysis......
[100%] Power analysis completed
Generate file "C:\Users\Yan\Documents\GitHub\ProjetoEmbarcados\ProjetoLogicaReconfiguravel\pwm\pwm\impl\pnr\pwm.power.html" completed
Generate file "C:\Users\Yan\Documents\GitHub\ProjetoEmbarcados\ProjetoLogicaReconfiguravel\pwm\pwm\impl\pnr\pwm.pin.html" completed
Generate file "C:\Users\Yan\Documents\GitHub\ProjetoEmbarcados\ProjetoLogicaReconfiguravel\pwm\pwm\impl\pnr\pwm.rpt.html" completed
Generate file "C:\Users\Yan\Documents\GitHub\ProjetoEmbarcados\ProjetoLogicaReconfiguravel\pwm\pwm\impl\pnr\pwm.rpt.txt" completed
Generate file "C:\Users\Yan\Documents\GitHub\ProjetoEmbarcados\ProjetoLogicaReconfiguravel\pwm\pwm\impl\pnr\pwm.tr.html" completed
Thu Jul  3 14:26:39 2025

