GowinSynthesis start
Running parser ...
Analyzing VHDL file 'C:\Users\Yan\Documents\GitHub\ProjetoEmbarcados\ProjetoLogicaReconfiguravel\robot_pid\robot.vhd'
Analyzing entity 'robot'("C:\Users\Yan\Documents\GitHub\ProjetoEmbarcados\ProjetoLogicaReconfiguravel\robot_pid\robot.vhd":6)
Analyzing architecture 'rtl'("C:\Users\Yan\Documents\GitHub\ProjetoEmbarcados\ProjetoLogicaReconfiguravel\robot_pid\robot.vhd":27)
Analyzing VHDL file 'C:\Users\Yan\Documents\GitHub\ProjetoEmbarcados\ProjetoLogicaReconfiguravel\robot_pid\src\blink.vhd'
Analyzing entity 'blink'("C:\Users\Yan\Documents\GitHub\ProjetoEmbarcados\ProjetoLogicaReconfiguravel\robot_pid\src\blink.vhd":4)
Analyzing architecture 'main'("C:\Users\Yan\Documents\GitHub\ProjetoEmbarcados\ProjetoLogicaReconfiguravel\robot_pid\src\blink.vhd":14)
Analyzing VHDL file 'C:\Users\Yan\Documents\GitHub\ProjetoEmbarcados\ProjetoLogicaReconfiguravel\robot_pid\src\pwm_generator.vhd'
Analyzing entity 'pwm_generator'("C:\Users\Yan\Documents\GitHub\ProjetoEmbarcados\ProjetoLogicaReconfiguravel\robot_pid\src\pwm_generator.vhd":6)
Analyzing architecture 'rtl'("C:\Users\Yan\Documents\GitHub\ProjetoEmbarcados\ProjetoLogicaReconfiguravel\robot_pid\src\pwm_generator.vhd":15)
Analyzing VHDL file 'C:\Users\Yan\Documents\GitHub\ProjetoEmbarcados\ProjetoLogicaReconfiguravel\robot_pid\src\robotCodigoDef.vhd'
Analyzing entity 'seguidor_linha_sincrono'("C:\Users\Yan\Documents\GitHub\ProjetoEmbarcados\ProjetoLogicaReconfiguravel\robot_pid\src\robotCodigoDef.vhd":4)
Analyzing architecture 'rtl'("C:\Users\Yan\Documents\GitHub\ProjetoEmbarcados\ProjetoLogicaReconfiguravel\robot_pid\src\robotCodigoDef.vhd":27)
Analyzing VHDL file 'C:\Users\Yan\Documents\GitHub\ProjetoEmbarcados\ProjetoLogicaReconfiguravel\robot_pid\src\seguindodef.vhd'
Analyzing entity 'seguidordef'("C:\Users\Yan\Documents\GitHub\ProjetoEmbarcados\ProjetoLogicaReconfiguravel\robot_pid\src\seguindodef.vhd":5)
ERROR (EX4739) : Syntax error near '<'("C:\Users\Yan\Documents\GitHub\ProjetoEmbarcados\ProjetoLogicaReconfiguravel\robot_pid\src\seguindodef.vhd":8)
ERROR (EX4739) : Syntax error near '='("C:\Users\Yan\Documents\GitHub\ProjetoEmbarcados\ProjetoLogicaReconfiguravel\robot_pid\src\seguindodef.vhd":11)
ERROR (EX4739) : Syntax error near '>'("C:\Users\Yan\Documents\GitHub\ProjetoEmbarcados\ProjetoLogicaReconfiguravel\robot_pid\src\seguindodef.vhd":13)
ERROR (EX4716) : Unit 'seguidordef' is ignored due to previous errors("C:\Users\Yan\Documents\GitHub\ProjetoEmbarcados\ProjetoLogicaReconfiguravel\robot_pid\src\seguindodef.vhd":25)
VHDL file 'C:\Users\Yan\Documents\GitHub\ProjetoEmbarcados\ProjetoLogicaReconfiguravel\robot_pid\src\seguindodef.vhd' is ignored due to errors
GowinSynthesis finish
