2025-06-09 10:50:12,808 [INFO] Activator:176 - 


2025-06-09 10:50:12,814 [INFO] Activator:177 - !SESSION log4j initialized
2025-06-09 10:50:18,322 [INFO] LogOutputStream:77 - [STDOUT_REDIRECT] 
2025-06-09 10:50:19,530 [INFO] ApplicationProperties:184 - Using Application install path: C:\ST\STM32CubeIDE_1.18.0\STM32CubeIDE\plugins\com.st.stm32cube.common.mx_6.14.0.202502271554
2025-06-09 10:50:19,547 [INFO] DbMcusXml:78 - Set database path to: C:\ST\STM32CubeIDE_1.18.0\STM32CubeIDE\plugins\com.st.stm32cube.common.mx_6.14.0.202502271554\\db\/mcu/
2025-06-09 10:50:19,547 [INFO] ApiDb:274 - Set plugin database path to: C:\ST\STM32CubeIDE_1.18.0\STM32CubeIDE\plugins\com.st.stm32cube.common.mx_6.14.0.202502271554\\db\/plugins/boardmanager/
2025-06-09 10:50:19,548 [WARN] ApiDb:259 - Overriding images path with different value:  => C:\ST\STM32CubeIDE_1.18.0\STM32CubeIDE\plugins\com.st.stm32cube.common.mx_6.14.0.202502271554\\db\/plugins/mcufinder/images/
2025-06-09 10:50:19,556 [INFO] ApiDb:250 - Set database path to: C:\Users\eduar\.stmcufinder\plugins\mcufinder//mcu/
2025-06-09 10:50:19,557 [INFO] DbMcusAds:125 - Set database path to: C:\Users\eduar\.stmcufinder\plugins\mcufinder//mcu/
2025-06-09 10:50:19,559 [INFO] CrossReferenceDbSqlite:203 - Set database path to: C:\Users\eduar\.stmcufinder\plugins\mcufinder//mcu/cs/
2025-06-09 10:50:19,665 [INFO] RulesReader:64 - Compatibility file has been processed (301 Rules)
2025-06-09 10:50:19,734 [INFO] DbMcusXml:78 - Set database path to: C:\ST\STM32CubeIDE_1.18.0\STM32CubeIDE\plugins\com.st.stm32cube.common.mx_6.14.0.202502271554\\db\/mcu/
2025-06-09 10:50:19,734 [INFO] ApiDb:274 - Set plugin database path to: C:\ST\STM32CubeIDE_1.18.0\STM32CubeIDE\plugins\com.st.stm32cube.common.mx_6.14.0.202502271554\\db\/plugins/boardmanager/
2025-06-09 10:50:19,734 [INFO] ApiDb:261 - Set plugin images path to: C:\ST\STM32CubeIDE_1.18.0\STM32CubeIDE\plugins\com.st.stm32cube.common.mx_6.14.0.202502271554\\db\/plugins/mcufinder/images/
2025-06-09 10:50:19,734 [WARN] DbFile:41 - Overriding database path with different value: C:\Users\eduar\.stmcufinder\plugins\mcufinder/ => C:\Users\eduar\.stmcufinder\plugins\mcufinder
2025-06-09 10:50:19,734 [INFO] ApiDb:250 - Set database path to: C:\Users\eduar\.stmcufinder\plugins\mcufinder//mcu/
2025-06-09 10:50:19,735 [WARN] DbFile:41 - Overriding database path with different value: C:\Users\eduar\.stmcufinder\plugins\mcufinder/ => C:\Users\eduar\.stmcufinder\plugins\mcufinder
2025-06-09 10:50:19,735 [INFO] DbMcusAds:125 - Set database path to: C:\Users\eduar\.stmcufinder\plugins\mcufinder//mcu/
2025-06-09 10:50:19,735 [WARN] DbFile:41 - Overriding database path with different value: C:\Users\eduar\.stmcufinder\plugins\mcufinder/ => C:\Users\eduar\.stmcufinder\plugins\mcufinder
2025-06-09 10:50:19,735 [WARN] DbFile:41 - Overriding database path with different value: C:\Users\eduar\.stmcufinder\plugins\mcufinder/ => C:\Users\eduar\.stmcufinder\plugins\mcufinder
2025-06-09 10:50:19,735 [INFO] CrossReferenceDbSqlite:203 - Set database path to: C:\Users\eduar\.stmcufinder\plugins\mcufinder//mcu/cs/
2025-06-09 10:50:19,807 [INFO] MainPanel:272 - HeapMemory: 268435456
2025-06-09 10:50:19,907 [INFO] DbMcusXml:78 - Set database path to: C:\ST\STM32CubeIDE_1.18.0\STM32CubeIDE\plugins\com.st.stm32cube.common.mx_6.14.0.202502271554\\db\/mcu/
2025-06-09 10:50:19,907 [INFO] ApiDb:274 - Set plugin database path to: C:\ST\STM32CubeIDE_1.18.0\STM32CubeIDE\plugins\com.st.stm32cube.common.mx_6.14.0.202502271554\\db\/plugins/boardmanager/
2025-06-09 10:50:19,907 [INFO] ApiDb:261 - Set plugin images path to: C:\ST\STM32CubeIDE_1.18.0\STM32CubeIDE\plugins\com.st.stm32cube.common.mx_6.14.0.202502271554\\db\/plugins/mcufinder/images/
2025-06-09 10:50:19,907 [WARN] DbFile:41 - Overriding database path with different value: C:\Users\eduar\.stmcufinder\plugins\mcufinder/ => C:\Users\eduar\.stmcufinder\plugins\mcufinder
2025-06-09 10:50:19,908 [INFO] ApiDb:250 - Set database path to: C:\Users\eduar\.stmcufinder\plugins\mcufinder//mcu/
2025-06-09 10:50:19,908 [WARN] DbFile:41 - Overriding database path with different value: C:\Users\eduar\.stmcufinder\plugins\mcufinder/ => C:\Users\eduar\.stmcufinder\plugins\mcufinder
2025-06-09 10:50:19,908 [INFO] DbMcusAds:125 - Set database path to: C:\Users\eduar\.stmcufinder\plugins\mcufinder//mcu/
2025-06-09 10:50:19,908 [WARN] DbFile:41 - Overriding database path with different value: C:\Users\eduar\.stmcufinder\plugins\mcufinder/ => C:\Users\eduar\.stmcufinder\plugins\mcufinder
2025-06-09 10:50:19,908 [WARN] DbFile:41 - Overriding database path with different value: C:\Users\eduar\.stmcufinder\plugins\mcufinder/ => C:\Users\eduar\.stmcufinder\plugins\mcufinder
2025-06-09 10:50:19,908 [INFO] CrossReferenceDbSqlite:203 - Set database path to: C:\Users\eduar\.stmcufinder\plugins\mcufinder//mcu/cs/
2025-06-09 10:50:19,926 [INFO] ApplicationProperties:184 - Using Application install path: C:\ST\STM32CubeIDE_1.18.0\STM32CubeIDE\plugins\com.st.stm32cube.common.mx_6.14.0.202502271554
2025-06-09 10:50:19,928 [INFO] PluginManage:196 - Search for loadable plugins [exclusion list=, ]
2025-06-09 10:50:19,929 [INFO] PluginManage:310 - Check plugin analytics
2025-06-09 10:50:20,111 [INFO] AnalyticsPlugin:253 - Accepted Software Licenses: 
2025-06-09 10:50:20,111 [INFO] AnalyticsPlugin:255 - Accepted CMSIS Pack Licenses: 
2025-06-09 10:50:20,112 [INFO] AnalyticsPlugin:257 - Accepted Firmware Licenses: FW.F4.1.28.0
2025-06-09 10:50:20,114 [INFO] PluginManage:359 - Loaded plugin analytics (category:tool,tabindex:-1)
2025-06-09 10:50:20,114 [INFO] PluginManage:310 - Check plugin cadmodel
2025-06-09 10:50:20,121 [INFO] CADModel:105 - Init CAD model plugin
2025-06-09 10:50:20,121 [INFO] PluginManage:359 - Loaded plugin cadmodel (category:power,tabindex:5)
2025-06-09 10:50:20,121 [INFO] PluginManage:310 - Check plugin clock
2025-06-09 10:50:20,131 [INFO] PluginManage:359 - Loaded plugin clock (category:base,tabindex:2)
2025-06-09 10:50:20,132 [INFO] PluginManage:310 - Check plugin ddr
2025-06-09 10:50:20,134 [INFO] PluginManage:359 - Loaded plugin ddr (category:tool,tabindex:6)
2025-06-09 10:50:20,134 [INFO] PluginManage:310 - Check plugin filemanager
2025-06-09 10:50:20,268 [INFO] PluginManage:359 - Loaded plugin filemanager (category:base,tabindex:10)
2025-06-09 10:50:20,268 [INFO] PluginManage:310 - Check plugin ipmanager
2025-06-09 10:50:20,275 [INFO] PluginManage:359 - Loaded plugin ipmanager (category:base,tabindex:5)
2025-06-09 10:50:20,275 [INFO] PluginManage:310 - Check plugin lpbam
2025-06-09 10:50:20,281 [INFO] PluginManage:359 - Loaded plugin lpbam (category:base,tabindex:0)
2025-06-09 10:50:20,282 [INFO] PluginManage:310 - Check plugin memorymap
2025-06-09 10:50:20,293 [INFO] PluginManage:359 - Loaded plugin memorymap (category:base,tabindex:4)
2025-06-09 10:50:20,293 [INFO] PluginManage:310 - Check plugin pinoutandconfiguration
2025-06-09 10:50:20,301 [INFO] PluginManage:359 - Loaded plugin pinoutandconfiguration (category:base,tabindex:1)
2025-06-09 10:50:20,301 [INFO] PluginManage:310 - Check plugin pinoutconfig
2025-06-09 10:50:20,390 [WARN] SupportedApi:132 - Cannot load RTOS API schema: s4s-elt-must-match.1: The content of 'definitions' must match (annotation?, (simpleType | complexType)?, (unique | key | keyref)*)). A problem was found starting at: attribute.
2025-06-09 10:50:20,514 [INFO] PluginManage:359 - Loaded plugin pinoutconfig (category:base,tabindex:0)
2025-06-09 10:50:20,515 [INFO] PluginManage:310 - Check plugin power
2025-06-09 10:50:20,525 [INFO] PluginManage:359 - Loaded plugin power (category:power,tabindex:4)
2025-06-09 10:50:20,525 [INFO] PluginManage:310 - Check plugin projectmanager
2025-06-09 10:50:20,539 [INFO] PluginManage:359 - Loaded plugin projectmanager (category:projectmanager,tabindex:4)
2025-06-09 10:50:20,539 [INFO] PluginManage:310 - Check plugin rif
2025-06-09 10:50:20,545 [INFO] PluginManage:359 - Loaded plugin rif (category:base,tabindex:3)
2025-06-09 10:50:20,545 [INFO] PluginManage:310 - Check plugin thirdparty
2025-06-09 10:50:20,679 [INFO] PluginManage:359 - Loaded plugin thirdparty (category:base,tabindex:-1)
2025-06-09 10:50:20,679 [INFO] PluginManage:310 - Check plugin tools
2025-06-09 10:50:20,679 [WARN] IntegrityCheckThread:84 - waiting for thirdparty lock release [integrity check]
2025-06-09 10:50:20,680 [INFO] IntegrityCheckThread:86 - entering critical section [integrity check]
2025-06-09 10:50:20,680 [INFO] ThirdPartyUpdaterWithRetryManager:70 - Updater plugin not ready yet. [1/15]
2025-06-09 10:50:20,682 [INFO] PluginManage:359 - Loaded plugin tools (category:base,tabindex:7)
2025-06-09 10:50:20,682 [INFO] PluginManage:310 - Check plugin tutovideos
2025-06-09 10:50:20,858 [INFO] PluginManage:359 - Loaded plugin tutovideos (category:base,tabindex:-1)
2025-06-09 10:50:20,859 [INFO] PluginManage:310 - Check plugin updater
2025-06-09 10:50:20,883 [INFO] PluginManage:359 - Loaded plugin updater (category:base,tabindex:12)
2025-06-09 10:50:20,883 [INFO] PluginManage:310 - Check plugin userauth
2025-06-09 10:50:20,888 [INFO] UserAuth:118 - Init User Auth plugin
2025-06-09 10:50:20,889 [INFO] PluginManage:359 - Loaded plugin userauth (category:base,tabindex:14)
2025-06-09 10:50:20,890 [INFO] PluginManage:283 - PluginManage : Loaded plugins [18]
2025-06-09 10:50:21,089 [INFO] PinOutPanel:1589 - setPackage(No Configuration,No Configuration)
2025-06-09 10:50:21,178 [INFO] CADModel:165 - CPN selected for project level
2025-06-09 10:50:21,178 [INFO] CADModel:114 - Register for checkConnection events
2025-06-09 10:50:21,203 [INFO] IPUIPlugin:80 - create IPUIPlugin
2025-06-09 10:50:21,204 [INFO] PluginManager:220 - loadIPPluginJar : add adc
2025-06-09 10:50:21,208 [INFO] IPUIPlugin:80 - create IPUIPlugin
2025-06-09 10:50:21,208 [INFO] PluginManager:220 - loadIPPluginJar : add aes
2025-06-09 10:50:21,212 [INFO] IPUIPlugin:80 - create IPUIPlugin
2025-06-09 10:50:21,212 [INFO] PluginManager:220 - loadIPPluginJar : add can
2025-06-09 10:50:21,215 [INFO] IPUIPlugin:80 - create IPUIPlugin
2025-06-09 10:50:21,215 [INFO] PluginManager:220 - loadIPPluginJar : add comp
2025-06-09 10:50:21,219 [INFO] IPUIPlugin:80 - create IPUIPlugin
2025-06-09 10:50:21,219 [INFO] PluginManager:220 - loadIPPluginJar : add cryp
2025-06-09 10:50:21,223 [INFO] IPUIPlugin:80 - create IPUIPlugin
2025-06-09 10:50:21,223 [INFO] PluginManager:220 - loadIPPluginJar : add ddr_ctrl_phy
2025-06-09 10:50:21,227 [INFO] IPUIPlugin:80 - create IPUIPlugin
2025-06-09 10:50:21,227 [INFO] PluginManager:220 - loadIPPluginJar : add dfsdm
2025-06-09 10:50:21,234 [INFO] IPUIPlugin:80 - create IPUIPlugin
2025-06-09 10:50:21,235 [INFO] PluginManager:220 - loadIPPluginJar : add dma
2025-06-09 10:50:21,238 [INFO] IPUIPlugin:80 - create IPUIPlugin
2025-06-09 10:50:21,238 [INFO] PluginManager:220 - loadIPPluginJar : add dma3
2025-06-09 10:50:21,242 [INFO] IPUIPlugin:80 - create IPUIPlugin
2025-06-09 10:50:21,242 [INFO] PluginManager:220 - loadIPPluginJar : add extmemmanager
2025-06-09 10:50:21,243 [INFO] IPUIPlugin:80 - create IPUIPlugin
2025-06-09 10:50:21,244 [INFO] PluginManager:220 - loadIPPluginJar : add fatfs
2025-06-09 10:50:21,249 [INFO] IPUIPlugin:80 - create IPUIPlugin
2025-06-09 10:50:21,249 [INFO] PluginManager:220 - loadIPPluginJar : add fmc
2025-06-09 10:50:21,255 [INFO] IPUIPlugin:80 - create IPUIPlugin
2025-06-09 10:50:21,255 [INFO] PluginManager:220 - loadIPPluginJar : add freertos
2025-06-09 10:50:21,258 [INFO] IPUIPlugin:80 - create IPUIPlugin
2025-06-09 10:50:21,258 [INFO] PluginManager:220 - loadIPPluginJar : add genericplugin
2025-06-09 10:50:21,261 [INFO] IPUIPlugin:80 - create IPUIPlugin
2025-06-09 10:50:21,262 [INFO] PluginManager:220 - loadIPPluginJar : add gfxmmu
2025-06-09 10:50:21,267 [INFO] IPUIPlugin:80 - create IPUIPlugin
2025-06-09 10:50:21,267 [INFO] PluginManager:220 - loadIPPluginJar : add gic
2025-06-09 10:50:21,272 [INFO] IPUIPlugin:80 - create IPUIPlugin
2025-06-09 10:50:21,272 [INFO] PluginManager:220 - loadIPPluginJar : add gpio
2025-06-09 10:50:21,276 [INFO] IPUIPlugin:80 - create IPUIPlugin
2025-06-09 10:50:21,276 [INFO] PluginManager:220 - loadIPPluginJar : add gtzc
2025-06-09 10:50:21,279 [INFO] IPUIPlugin:80 - create IPUIPlugin
2025-06-09 10:50:21,280 [INFO] PluginManager:220 - loadIPPluginJar : add hash
2025-06-09 10:50:21,283 [INFO] IPUIPlugin:80 - create IPUIPlugin
2025-06-09 10:50:21,284 [INFO] PluginManager:220 - loadIPPluginJar : add i2c
2025-06-09 10:50:21,286 [INFO] IPUIPlugin:80 - create IPUIPlugin
2025-06-09 10:50:21,286 [INFO] PluginManager:220 - loadIPPluginJar : add i2s
2025-06-09 10:50:21,290 [INFO] IPUIPlugin:80 - create IPUIPlugin
2025-06-09 10:50:21,290 [INFO] PluginManager:220 - loadIPPluginJar : add i3c
2025-06-09 10:50:21,294 [INFO] IPUIPlugin:80 - create IPUIPlugin
2025-06-09 10:50:21,294 [INFO] PluginManager:220 - loadIPPluginJar : add ipddr
2025-06-09 10:50:21,303 [INFO] IPUIPlugin:80 - create IPUIPlugin
2025-06-09 10:50:21,303 [INFO] PluginManager:220 - loadIPPluginJar : add linkedlist
2025-06-09 10:50:21,306 [INFO] IPUIPlugin:80 - create IPUIPlugin
2025-06-09 10:50:21,307 [INFO] PluginManager:220 - loadIPPluginJar : add lorawan
2025-06-09 10:50:21,309 [INFO] IPUIPlugin:80 - create IPUIPlugin
2025-06-09 10:50:21,310 [INFO] PluginManager:220 - loadIPPluginJar : add ltdc
2025-06-09 10:50:21,315 [INFO] IPUIPlugin:80 - create IPUIPlugin
2025-06-09 10:50:21,316 [INFO] PluginManager:220 - loadIPPluginJar : add mdma
2025-06-09 10:50:21,320 [INFO] IPUIPlugin:80 - create IPUIPlugin
2025-06-09 10:50:21,320 [INFO] PluginManager:220 - loadIPPluginJar : add nvic
2025-06-09 10:50:21,324 [INFO] IPUIPlugin:80 - create IPUIPlugin
2025-06-09 10:50:21,324 [INFO] PluginManager:220 - loadIPPluginJar : add opamp
2025-06-09 10:50:21,329 [INFO] IPUIPlugin:80 - create IPUIPlugin
2025-06-09 10:50:21,329 [INFO] PluginManager:220 - loadIPPluginJar : add openamp
2025-06-09 10:50:21,333 [INFO] IPUIPlugin:80 - create IPUIPlugin
2025-06-09 10:50:21,334 [INFO] PluginManager:220 - loadIPPluginJar : add pdm2pcm
2025-06-09 10:50:21,341 [INFO] IPUIPlugin:80 - create IPUIPlugin
2025-06-09 10:50:21,344 [INFO] PluginManager:220 - loadIPPluginJar : add plateformsettings
2025-06-09 10:50:21,346 [INFO] IPUIPlugin:80 - create IPUIPlugin
2025-06-09 10:50:21,346 [INFO] PluginManager:220 - loadIPPluginJar : add quadspi
2025-06-09 10:50:21,349 [INFO] IPUIPlugin:80 - create IPUIPlugin
2025-06-09 10:50:21,350 [INFO] PluginManager:220 - loadIPPluginJar : add radio
2025-06-09 10:50:21,372 [INFO] IPUIPlugin:80 - create IPUIPlugin
2025-06-09 10:50:21,372 [INFO] PluginManager:220 - loadIPPluginJar : add resmgrutility
2025-06-09 10:50:21,376 [INFO] IPUIPlugin:80 - create IPUIPlugin
2025-06-09 10:50:21,377 [INFO] PluginManager:220 - loadIPPluginJar : add sai
2025-06-09 10:50:21,380 [INFO] IPUIPlugin:80 - create IPUIPlugin
2025-06-09 10:50:21,380 [INFO] PluginManager:220 - loadIPPluginJar : add spi
2025-06-09 10:50:21,389 [INFO] IPUIPlugin:80 - create IPUIPlugin
2025-06-09 10:50:21,389 [INFO] PluginManager:220 - loadIPPluginJar : add stm32_wpan
2025-06-09 10:50:21,392 [INFO] IPUIPlugin:80 - create IPUIPlugin
2025-06-09 10:50:21,392 [INFO] PluginManager:220 - loadIPPluginJar : add tim
2025-06-09 10:50:21,396 [INFO] IPUIPlugin:80 - create IPUIPlugin
2025-06-09 10:50:21,397 [INFO] PluginManager:220 - loadIPPluginJar : add touchsensing
2025-06-09 10:50:21,401 [INFO] IPUIPlugin:80 - create IPUIPlugin
2025-06-09 10:50:21,401 [INFO] PluginManager:220 - loadIPPluginJar : add tracer_emb
2025-06-09 10:50:21,404 [INFO] IPUIPlugin:80 - create IPUIPlugin
2025-06-09 10:50:21,405 [INFO] PluginManager:220 - loadIPPluginJar : add ts
2025-06-09 10:50:21,407 [INFO] IPUIPlugin:80 - create IPUIPlugin
2025-06-09 10:50:21,407 [INFO] PluginManager:220 - loadIPPluginJar : add tsc
2025-06-09 10:50:21,412 [INFO] IPUIPlugin:80 - create IPUIPlugin
2025-06-09 10:50:21,412 [INFO] PluginManager:220 - loadIPPluginJar : add ucpd
2025-06-09 10:50:21,417 [INFO] IPUIPlugin:80 - create IPUIPlugin
2025-06-09 10:50:21,417 [INFO] PluginManager:220 - loadIPPluginJar : add usart
2025-06-09 10:50:21,423 [INFO] IPUIPlugin:80 - create IPUIPlugin
2025-06-09 10:50:21,423 [INFO] PluginManager:220 - loadIPPluginJar : add usbx
2025-06-09 10:50:21,564 [FATAL] Updater:351 - Updater called before beeing initialized
2025-06-09 10:50:21,598 [INFO] RulesReader:64 - Compatibility file has been processed (301 Rules)
2025-06-09 10:50:21,611 [INFO] RulesReader:64 - Compatibility file has been processed (301 Rules)
2025-06-09 10:50:21,619 [INFO] CADModel:165 - CPN selected for project level
2025-06-09 10:50:21,619 [INFO] CADModel:114 - Register for checkConnection events
2025-06-09 10:50:21,619 [FATAL] Updater:351 - Updater called before beeing initialized
2025-06-09 10:50:21,619 [ERROR] CADModel:125 - Updater not yet initialized, retry later 
2025-06-09 10:50:21,777 [FATAL] Updater:351 - Updater called before beeing initialized
2025-06-09 10:50:21,779 [INFO] CADModel:165 - CPN selected for project level
2025-06-09 10:50:21,779 [INFO] CADModel:114 - Register for checkConnection events
2025-06-09 10:50:21,779 [FATAL] Updater:351 - Updater called before beeing initialized
2025-06-09 10:50:21,779 [ERROR] CADModel:125 - Updater not yet initialized, retry later 
2025-06-09 10:50:21,782 [FATAL] Updater:351 - Updater called before beeing initialized
2025-06-09 10:50:21,898 [FATAL] Updater:351 - Updater called before beeing initialized
2025-06-09 10:50:21,901 [INFO] DbMcusAds:53 - JSON generation date=Wed May 07 06:07:55 BRT 2025 (1746608875484)
2025-06-09 10:50:21,901 [FATAL] Updater:351 - Updater called before beeing initialized
2025-06-09 10:50:21,938 [WARN] DetailPanel:346 - Failed to get advertising image, set to default
2025-06-09 10:50:22,205 [FATAL] Updater:351 - Updater called before beeing initialized
2025-06-09 10:50:22,207 [FATAL] Updater:351 - Updater called before beeing initialized
2025-06-09 10:50:22,207 [FATAL] Updater:351 - Updater called before beeing initialized
2025-06-09 10:50:22,207 [WARN] DetailPanel:346 - Failed to get advertising image, set to default
2025-06-09 10:50:22,207 [FATAL] Updater:351 - Updater called before beeing initialized
2025-06-09 10:50:22,259 [ERROR] Updater:1198 - MainUpdater not yet initialized. External WinMGr cannot be set.
2025-06-09 10:50:22,260 [INFO] Updater:1134 - Updater Version found : 6.14.0
2025-06-09 10:50:22,281 [INFO] ApplicationProperties:184 - Using Application install path: C:\ST\STM32CubeIDE_1.18.0\STM32CubeIDE\plugins\com.st.stm32cube.common.mx_6.14.0.202502271554
2025-06-09 10:50:23,681 [INFO] ThirdPartyUpdaterWithRetryManager:70 - Updater plugin not ready yet. [2/15]
2025-06-09 10:50:23,851 [ERROR] LogOutputStream:75 - [STDERR_REDIRECT] Jun 09, 2025 10:50:23 AM java.util.prefs.WindowsPreferences <init>
2025-06-09 10:50:23,852 [ERROR] LogOutputStream:75 - [STDERR_REDIRECT] WARNING: Could not open/create prefs root node Software\JavaSoft\Prefs at root 0xffffffff80000002. Windows RegCreateKeyEx(...) returned error code 5.
2025-06-09 10:50:23,852 [ERROR] LogOutputStream:75 - [STDERR_REDIRECT] 
2025-06-09 10:50:24,123 [INFO] MainUpdater:2872 - connection check result : 10
2025-06-09 10:50:24,123 [INFO] MainUpdater:289 - Updater Check For Update Now.
2025-06-09 10:50:24,123 [INFO] MicroXplorer:498 - Change Database Version : DB.6.0.140
2025-06-09 10:50:24,129 [INFO] McuFinderGlobals:63 - Set McuFinder mode to 2 (CubeIDE integrated)
2025-06-09 10:50:24,130 [INFO] UserAuth:486 - Internet connection configuration mode: 1
2025-06-09 10:50:24,155 [INFO] JxBrowserEngine:152 - Initiate JxBrowser Engine with user profile folder
2025-06-09 10:50:24,329 [INFO] CheckServerUpdateThread:120 - End of CheckServer Thread
2025-06-09 10:50:25,422 [INFO] WebApp:169 - Instantiating new browser for Auth
2025-06-09 10:50:26,202 [INFO] WebApp:463 - Apply proxy settings
2025-06-09 10:50:26,202 [INFO] WebApp:548 - Chromium requires no authentication
2025-06-09 10:50:26,211 [INFO] WebApp:491 - Direct internet connection detected
2025-06-09 10:50:26,238 [INFO] WebApp:894 - Register for checkConnection events
2025-06-09 10:50:26,239 [INFO] WebApp:463 - Apply proxy settings
2025-06-09 10:50:26,239 [INFO] WebApp:548 - Chromium requires no authentication
2025-06-09 10:50:26,239 [INFO] WebApp:491 - Direct internet connection detected
2025-06-09 10:50:26,415 [INFO] WebApp:225 - Starting web application
2025-06-09 10:50:26,415 [INFO] WebApp:593 - Web application path used C:\ST\STM32CubeIDE_1.18.0\STM32CubeIDE\plugins\com.st.stm32cube.common.mx_6.14.0.202502271554\db\plugins\mcufinder\reactClient1\index.html
2025-06-09 10:50:26,561 [INFO] WebApp:191 - Connection restablished
2025-06-09 10:50:26,618 [INFO] UserAuth:486 - Internet connection configuration mode: 1
2025-06-09 10:50:27,049 [WARN] PackLoader:240 - Cannot read IP mode file for STMicroelectronics.FP-SNS-MOTENVWB1.1.4.0
2025-06-09 10:50:27,061 [WARN] PackLoader:240 - Cannot read IP mode file for STMicroelectronics.FP-ATR-ASTRA1.2.0.2
2025-06-09 10:50:27,073 [WARN] PackLoader:240 - Cannot read IP mode file for STMicroelectronics.X-CUBE-SMBUS.2.1.0
2025-06-09 10:50:27,085 [WARN] PackLoader:240 - Cannot read IP mode file for STMicroelectronics.X-CUBE-WB05N.1.1.0
2025-06-09 10:50:27,095 [WARN] PackLoader:240 - Cannot read IP mode file for STMicroelectronics.X-CUBE-ST60.1.0.0
2025-06-09 10:50:27,150 [WARN] PackLoader:240 - Cannot read IP mode file for STMicroelectronics.X-CUBE-AZRTOS-F7.1.1.0
2025-06-09 10:50:27,191 [WARN] PackLoader:240 - Cannot read IP mode file for Infineon.AIROC-Wi-Fi-Bluetooth-STM32.1.7.0
2025-06-09 10:50:27,212 [WARN] PackLoader:240 - Cannot read IP mode file for STMicroelectronics.X-CUBE-DISPLAY.3.0.0
2025-06-09 10:50:27,231 [WARN] PackLoader:240 - Cannot read IP mode file for STMicroelectronics.X-CUBE-NFC10.1.0.0
2025-06-09 10:50:27,248 [WARN] PackLoader:240 - Cannot read IP mode file for STMicroelectronics.X-CUBE-BLEMGR.4.0.0
2025-06-09 10:50:27,261 [WARN] PackLoader:240 - Cannot read IP mode file for emotas.I-CUBE-CANOPEN.1.3.0
2025-06-09 10:50:27,268 [WARN] ConditionMgr:438 - getConditionDescription Invalid condition id : Cortex-A Device cause : null
2025-06-09 10:50:27,285 [WARN] ConditionMgr:1044 - genDependencies : Invalid condition id : Cortex-A Device cause : null
2025-06-09 10:50:27,285 [WARN] ConditionMgr:1044 - genDependencies : Invalid condition id : Cortex-A Device cause : null
2025-06-09 10:50:27,285 [WARN] ConditionMgr:1044 - genDependencies : Invalid condition id : Cortex-A Device cause : null
2025-06-09 10:50:27,292 [WARN] PackLoader:240 - Cannot read IP mode file for STMicroelectronics.X-CUBE-AI.10.0.0
2025-06-09 10:50:27,298 [WARN] PackLoader:240 - Cannot read IP mode file for STMicroelectronics.FP-SNS-SMARTAG2.1.2.0
2025-06-09 10:50:27,305 [WARN] PackLoader:240 - Cannot read IP mode file for STMicroelectronics.FP-SNS-FLIGHT1.5.1.0
2025-06-09 10:50:27,419 [WARN] PackLoader:240 - Cannot read IP mode file for STMicroelectronics.X-CUBE-MEMS1.11.1.0
2025-06-09 10:50:27,718 [INFO] LogOutputStream:77 - [STDOUT_REDIRECT] 1 : Invalid condition id : UX_CORESTACK_Condition cause : null
2025-06-09 10:50:27,718 [INFO] LogOutputStream:77 - [STDOUT_REDIRECT] 1 : Invalid condition id : UX_CORESTACK_Condition cause : null
2025-06-09 10:50:27,720 [INFO] LogOutputStream:77 - [STDOUT_REDIRECT] 1 : Invalid condition id : UX_CORESTACK_Condition cause : null
2025-06-09 10:50:27,722 [INFO] LogOutputStream:77 - [STDOUT_REDIRECT] 1 : Invalid condition id : UX_CORESTACK_Condition cause : null
2025-06-09 10:50:27,723 [INFO] LogOutputStream:77 - [STDOUT_REDIRECT] 1 : Invalid condition id : UX_CORESTACK_Condition cause : null
2025-06-09 10:50:27,728 [WARN] PackLoader:240 - Cannot read IP mode file for STMicroelectronics.X-CUBE-AZRTOS-WL.2.0.0
2025-06-09 10:50:27,736 [WARN] PackLoader:240 - Cannot read IP mode file for STMicroelectronics.FP-SNS-MOTENV1.5.0.0
2025-06-09 10:50:27,746 [WARN] PackLoader:240 - Cannot read IP mode file for WES.I-CUBE-Cesium.1.3.0
2025-06-09 10:50:27,752 [WARN] PackLoader:240 - Cannot read IP mode file for STMicroelectronics.X-CUBE-BLE2.3.3.0
2025-06-09 10:50:27,761 [WARN] PackLoader:240 - Cannot read IP mode file for STMicroelectronics.X-CUBE-NFC9.1.0.0
2025-06-09 10:50:27,767 [WARN] PackLoader:240 - Cannot read IP mode file for STMicroelectronics.X-CUBE-BLE1.7.1.0
2025-06-09 10:50:27,772 [WARN] PackLoader:240 - Cannot read IP mode file for wolfSSL.I-CUBE-wolfMQTT.1.19.2
2025-06-09 10:50:27,777 [WARN] PackLoader:240 - Cannot read IP mode file for STMicroelectronics.X-CUBE-AI.10.1.0
2025-06-09 10:50:27,838 [WARN] PackLoader:240 - Cannot read IP mode file for STMicroelectronics.X-CUBE-MEMS1.11.2.0
2025-06-09 10:50:27,979 [WARN] PackLoader:240 - Cannot read IP mode file for STMicroelectronics.X-CUBE-AZRTOS-G0.1.1.0
2025-06-09 10:50:27,987 [WARN] PackLoader:240 - Cannot read IP mode file for STMicroelectronics.X-CUBE-SAFEA1.1.2.2
2025-06-09 10:50:27,994 [WARN] PackLoader:240 - Cannot read IP mode file for STMicroelectronics.X-CUBE-NFC4.3.0.0
2025-06-09 10:50:28,002 [WARN] PackLoader:240 - Cannot read IP mode file for EmbeddedOffice.I-CUBE-FS-RTOS.1.0.1
2025-06-09 10:50:28,009 [WARN] PackLoader:240 - Cannot read IP mode file for STMicroelectronics.X-CUBE-WB05N.2.0.0
2025-06-09 10:50:28,014 [WARN] PackLoader:240 - Cannot read IP mode file for wolfSSL.I-CUBE-wolfTPM.3.8.0
2025-06-09 10:50:28,021 [WARN] PackLoader:240 - Cannot read IP mode file for STMicroelectronics.X-CUBE-TCPP.4.2.0
2025-06-09 10:50:28,028 [WARN] PackLoader:240 - Cannot read IP mode file for RealThread.X-CUBE-RT-Thread_Nano.4.1.1
2025-06-09 10:50:28,034 [WARN] PackLoader:240 - Cannot read IP mode file for STMicroelectronics.FP-ATR-SIGFOX1.3.2.0
2025-06-09 10:50:28,040 [WARN] PackLoader:240 - Cannot read IP mode file for STMicroelectronics.X-CUBE-EEPRMA1.5.1.0
2025-06-09 10:50:28,046 [WARN] PackLoader:240 - Cannot read IP mode file for wolfSSL.I-CUBE-wolfSSL.5.7.6
2025-06-09 10:50:28,053 [WARN] PackLoader:240 - Cannot read IP mode file for ITTIA_DB.I-CUBE-ITTIADB.8.9.0
2025-06-09 10:50:28,060 [WARN] PackLoader:240 - Cannot read IP mode file for STMicroelectronics.X-CUBE-ST67W61.1.0.0
2025-06-09 10:50:28,103 [WARN] PackLoader:240 - Cannot read IP mode file for SEGGER.I-CUBE-embOS.1.3.1
2025-06-09 10:50:28,145 [WARN] PackLoader:240 - Cannot read IP mode file for STMicroelectronics.X-CUBE-ALGOBUILD.1.4.0
2025-06-09 10:50:28,163 [WARN] PackLoader:240 - Cannot read IP mode file for STMicroelectronics.X-CUBE-AZRTOS-F4.1.1.0
2025-06-09 10:50:28,171 [WARN] PackLoader:240 - Cannot read IP mode file for Avnet-IotConnect.X-CUBE-IoTC-DA16k-PMOD.1.0.0
2025-06-09 10:50:28,175 [WARN] PackLoader:240 - Cannot read IP mode file for STMicroelectronics.X-CUBE-ISPU.2.1.0
2025-06-09 10:50:28,191 [WARN] PackLoader:240 - Cannot read IP mode file for STMicroelectronics.X-CUBE-AZRTOS-L5.2.0.0
2025-06-09 10:50:28,203 [WARN] PackLoader:240 - Cannot read IP mode file for STMicroelectronics.X-CUBE-NFC6.3.1.0
2025-06-09 10:50:28,213 [WARN] PackLoader:240 - Cannot read IP mode file for STMicroelectronics.X-CUBE-FREERTOS.1.3.1
2025-06-09 10:50:28,231 [WARN] PackLoader:240 - Cannot read IP mode file for STMicroelectronics.X-CUBE-FREERTOS.1.3.0
2025-06-09 10:50:28,248 [WARN] PackLoader:240 - Cannot read IP mode file for STMicroelectronics.X-CUBE-NFC7.1.0.1
2025-06-09 10:50:28,256 [WARN] PackLoader:240 - Cannot read IP mode file for STMicroelectronics.X-CUBE-DPower.1.3.0
2025-06-09 10:50:28,277 [WARN] ConditionMgr:438 - getConditionDescription Invalid condition id : LAN8742 Phy interface Condition cause : null
2025-06-09 10:50:28,278 [WARN] PackLoader:240 - Cannot read IP mode file for STMicroelectronics.X-CUBE-AZRTOS-L4.2.0.0
2025-06-09 10:50:28,280 [WARN] ConditionMgr:1044 - genDependencies : Invalid condition id : LAN8742 Phy interface Condition cause : null
2025-06-09 10:50:28,280 [WARN] ConditionMgr:1044 - genDependencies : Invalid condition id : LAN8742 Phy interface Condition cause : null
2025-06-09 10:50:28,280 [WARN] ConditionMgr:1044 - genDependencies : Invalid condition id : LAN8742 Phy interface Condition cause : null
2025-06-09 10:50:28,290 [WARN] PackLoader:240 - Cannot read IP mode file for STMicroelectronics.X-CUBE-SFXS2LP1.4.0.0
2025-06-09 10:50:28,312 [WARN] PackLoader:240 - Cannot read IP mode file for STMicroelectronics.X-CUBE-AZRTOS-H7.3.3.0
2025-06-09 10:50:28,331 [WARN] ConditionMgr:438 - getConditionDescription Invalid condition id : UX DEVICE CLASS RTOS Condition cause : null
2025-06-09 10:50:28,331 [WARN] ConditionMgr:438 - getConditionDescription Invalid condition id : UX DEVICE CLASS RTOS Condition cause : null
2025-06-09 10:50:28,334 [WARN] PackLoader:240 - Cannot read IP mode file for STMicroelectronics.X-CUBE-AZRTOS-WB.2.0.0
2025-06-09 10:50:28,335 [WARN] ConditionMgr:1044 - genDependencies : Invalid condition id : UX DEVICE CLASS RTOS Condition cause : null
2025-06-09 10:50:28,335 [WARN] ConditionMgr:1044 - genDependencies : Invalid condition id : UX DEVICE CLASS RTOS Condition cause : null
2025-06-09 10:50:28,336 [WARN] ConditionMgr:1044 - genDependencies : Invalid condition id : UX DEVICE CLASS RTOS Condition cause : null
2025-06-09 10:50:28,336 [WARN] ConditionMgr:1044 - genDependencies : Invalid condition id : UX DEVICE CLASS RTOS Condition cause : null
2025-06-09 10:50:28,336 [WARN] ConditionMgr:1044 - genDependencies : Invalid condition id : UX DEVICE CLASS RTOS Condition cause : null
2025-06-09 10:50:28,345 [WARN] PackLoader:240 - Cannot read IP mode file for STMicroelectronics.X-CUBE-GNSS1.7.0.1
2025-06-09 10:50:28,352 [WARN] PackLoader:240 - Cannot read IP mode file for STMicroelectronics.X-CUBE-TOUCHGFX.4.25.0
2025-06-09 10:50:28,360 [WARN] PackLoader:240 - Cannot read IP mode file for STMicroelectronics.FP-SNS-STBOX1.2.0.0
2025-06-09 10:50:28,371 [WARN] PackLoader:240 - Cannot read IP mode file for STMicroelectronics.X-CUBE-SUBG2.5.0.0
2025-06-09 10:50:28,394 [WARN] PackLoader:240 - Cannot read IP mode file for STMicroelectronics.X-CUBE-AZRTOS-H7RS.1.1.0
2025-06-09 10:50:28,400 [WARN] PackLoader:240 - Cannot read IP mode file for Cesanta.I-CUBE-Mongoose.7.13.0
2025-06-09 10:50:28,416 [WARN] PackLoader:240 - Cannot read IP mode file for STMicroelectronics.X-CUBE-AZRTOS-G4.2.0.0
2025-06-09 10:50:28,439 [WARN] PackLoader:240 - Cannot read IP mode file for wolfSSL.I-CUBE-wolfSSH.1.4.20
2025-06-09 10:50:28,446 [WARN] PackLoader:240 - Cannot read IP mode file for STMicroelectronics.X-CUBE-NFC7.2.0.0
2025-06-09 10:50:28,461 [WARN] PackLoader:240 - Cannot read IP mode file for STMicroelectronics.X-CUBE-IPS.3.1.0
2025-06-09 10:50:28,477 [WARN] PackLoader:240 - Cannot read IP mode file for STMicroelectronics.X-CUBE-ALS.1.0.2
2025-06-09 10:50:28,484 [WARN] PackLoader:240 - Cannot read IP mode file for portGmbH.I-Cube-SoM-uGOAL.1.1.0
2025-06-09 10:50:28,497 [WARN] PackLoader:240 - Cannot read IP mode file for STMicroelectronics.X-CUBE-TOF1.3.4.2
2025-06-09 10:50:28,524 [WARN] PackLoader:240 - Cannot read IP mode file for STMicroelectronics.X-CUBE-TOF1.3.4.3
2025-06-09 10:50:28,540 [INFO] ThirdParty:978 - Integrity check success = true
2025-06-09 10:50:28,540 [INFO] IntegrityCheckThread:100 - exiting critical section [integrity check]
2025-06-09 10:50:28,540 [INFO] IntegrityCheckThread:103 - End integrity checks thread
2025-06-09 16:31:26,625 [ERROR] LogOutputStream:75 - [STDERR_REDIRECT] 
